[INFO]	asctime:2018-12-01 23:37:13,626	module:views	message:OrderedDict([('year', 1956)])	process:10925	thread:123145331998720
[INFO]	asctime:2018-12-01 23:37:13,627	module:views	message:OrderedDict([('year', 1992)])	process:10925	thread:123145331998720
[INFO]	asctime:2018-12-01 23:37:13,627	module:views	message:OrderedDict([('year', 2001)])	process:10925	thread:123145331998720
[INFO]	asctime:2018-12-01 23:37:13,627	module:views	message:OrderedDict([('year', 1981)])	process:10925	thread:123145331998720
[INFO]	asctime:2018-12-01 23:37:13,627	module:views	message:OrderedDict([('year', 1967)])	process:10925	thread:123145331998720
[INFO]	asctime:2018-12-01 23:37:13,627	module:views	message:OrderedDict([('date', 6), ('month', 9), ('year', 1984)])	process:10925	thread:123145331998720
[INFO]	asctime:2018-12-01 23:37:13,627	module:views	message:OrderedDict([('year', 1996)])	process:10925	thread:123145331998720
[INFO]	asctime:2018-12-01 23:37:13,628	module:views	message:OrderedDict([('year', 1982)])	process:10925	thread:123145331998720
[INFO]	asctime:2018-12-01 23:37:13,628	module:views	message:OrderedDict([('year', 1960)])	process:10925	thread:123145331998720
[INFO]	asctime:2018-12-01 23:37:13,628	module:views	message:OrderedDict([('year', 1967)])	process:10925	thread:123145331998720
[INFO]	asctime:2018-12-01 23:37:14,189	module:views	message:OrderedDict([('year', 2000)])	process:10925	thread:123145331998720
[INFO]	asctime:2018-12-01 23:37:14,189	module:views	message:OrderedDict([('date', 8), ('month', 5), ('year', 1965)])	process:10925	thread:123145331998720
[INFO]	asctime:2018-12-01 23:37:14,189	module:views	message:OrderedDict([('date', 26), ('month', 8), ('year', 1969)])	process:10925	thread:123145331998720
[INFO]	asctime:2018-12-01 23:37:14,190	module:views	message:OrderedDict([('year', 2012)])	process:10925	thread:123145331998720
[INFO]	asctime:2018-12-01 23:37:14,190	module:views	message:OrderedDict([('date', 17), ('month', 10), ('year', 1947)])	process:10925	thread:123145331998720
[INFO]	asctime:2018-12-01 23:37:14,190	module:views	message:OrderedDict([('date', 19), ('month', 2), ('year', 1970)])	process:10925	thread:123145331998720
[INFO]	asctime:2018-12-01 23:37:14,190	module:views	message:OrderedDict([('year', 1984)])	process:10925	thread:123145331998720
[INFO]	asctime:2018-12-01 23:37:14,190	module:views	message:OrderedDict([('year', 1954)])	process:10925	thread:123145331998720
[INFO]	asctime:2018-12-01 23:37:14,190	module:views	message:OrderedDict([('year', 2003)])	process:10925	thread:123145331998720
[INFO]	asctime:2018-12-01 23:37:14,190	module:views	message:OrderedDict([('date', 31), ('month', 1), ('year', 1981)])	process:10925	thread:123145331998720
[INFO]	asctime:2018-12-01 23:37:14,190	module:views	message:OrderedDict([('year', 1992)])	process:10925	thread:123145331998720
[INFO]	asctime:2018-12-01 23:37:14,191	module:views	message:OrderedDict([('year', 1998)])	process:10925	thread:123145331998720
[INFO]	asctime:2018-12-01 23:37:14,191	module:views	message:OrderedDict([('date', 6), ('month', 1), ('year', 1982)])	process:10925	thread:123145331998720
[INFO]	asctime:2018-12-01 23:37:14,191	module:views	message:OrderedDict([('year', 1956)])	process:10925	thread:123145331998720
[INFO]	asctime:2018-12-01 23:37:14,191	module:views	message:OrderedDict([('year', 1987)])	process:10925	thread:123145331998720
[INFO]	asctime:2018-12-01 23:37:14,191	module:views	message:OrderedDict([('year', 2000)])	process:10925	thread:123145331998720
[INFO]	asctime:2018-12-01 23:37:14,191	module:views	message:OrderedDict([('year', 1956)])	process:10925	thread:123145331998720
[INFO]	asctime:2018-12-01 23:37:14,192	module:views	message:OrderedDict([('month', 7), ('year', 2005)])	process:10925	thread:123145331998720
[INFO]	asctime:2018-12-01 23:37:14,192	module:views	message:OrderedDict([('date', 7), ('month', 6), ('year', 1962)])	process:10925	thread:123145331998720
[INFO]	asctime:2018-12-01 23:37:14,192	module:views	message:OrderedDict([('date', 12), ('month', 5), ('year', 1979)])	process:10925	thread:123145331998720
[INFO]	asctime:2018-12-01 23:37:14,192	module:views	message:OrderedDict([('year', 1998)])	process:10925	thread:123145331998720
[INFO]	asctime:2018-12-01 23:37:14,192	module:views	message:OrderedDict([('year', 1990)])	process:10925	thread:123145331998720
[INFO]	asctime:2018-12-01 23:37:14,192	module:views	message:OrderedDict([('year', 1970)])	process:10925	thread:123145331998720
[INFO]	asctime:2018-12-01 23:37:14,193	module:views	message:OrderedDict([('date', 3), ('month', 11), ('year', 1982)])	process:10925	thread:123145331998720
[INFO]	asctime:2018-12-01 23:37:14,193	module:views	message:OrderedDict([('date', 4), ('month', 3), ('year', 1946)])	process:10925	thread:123145331998720
[INFO]	asctime:2018-12-01 23:37:14,193	module:views	message:OrderedDict([('date', 17), ('month', 4), ('year', 1952)])	process:10925	thread:123145331998720
[INFO]	asctime:2018-12-01 23:37:14,193	module:views	message:OrderedDict([('date', 15), ('month', 8), ('year', 1935)])	process:10925	thread:123145331998720
[INFO]	asctime:2018-12-01 23:37:14,193	module:views	message:OrderedDict([('date', 22), ('month', 6), ('year', 1933)])	process:10925	thread:123145331998720
[INFO]	asctime:2018-12-01 23:37:14,193	module:views	message:OrderedDict([('year', 1996)])	process:10925	thread:123145331998720
[INFO]	asctime:2018-12-01 23:37:14,194	module:views	message:OrderedDict([('month', 4), ('year', 2007)])	process:10925	thread:123145331998720
[INFO]	asctime:2018-12-01 23:37:14,194	module:views	message:OrderedDict([('date', 5), ('month', 7), ('year', 1950)])	process:10925	thread:123145331998720
[INFO]	asctime:2018-12-01 23:37:14,194	module:views	message:OrderedDict([('year', 2011)])	process:10925	thread:123145331998720
[INFO]	asctime:2018-12-01 23:37:14,194	module:views	message:OrderedDict([('month', 1), ('year', 2001)])	process:10925	thread:123145331998720
[INFO]	asctime:2018-12-01 23:37:14,194	module:views	message:OrderedDict([('date', 1), ('month', 3), ('year', 2003)])	process:10925	thread:123145331998720
[INFO]	asctime:2018-12-01 23:37:14,194	module:views	message:OrderedDict([('year', 2009)])	process:10925	thread:123145331998720
[INFO]	asctime:2018-12-01 23:37:14,195	module:views	message:OrderedDict([('date', 5), ('month', 7), ('year', 1964)])	process:10925	thread:123145331998720
[INFO]	asctime:2018-12-01 23:37:14,195	module:views	message:OrderedDict([('year', 1984)])	process:10925	thread:123145331998720
[INFO]	asctime:2018-12-01 23:37:14,195	module:views	message:OrderedDict([('date', 27), ('month', 10), ('year', 1945)])	process:10925	thread:123145331998720
[INFO]	asctime:2018-12-01 23:37:14,195	module:views	message:OrderedDict([('date', 22), ('month', 7), ('year', 1964)])	process:10925	thread:123145331998720
[INFO]	asctime:2018-12-01 23:37:14,195	module:views	message:OrderedDict([('year', 2002)])	process:10925	thread:123145331998720
[INFO]	asctime:2018-12-01 23:37:14,195	module:views	message:OrderedDict([('year', 1958)])	process:10925	thread:123145331998720
[INFO]	asctime:2018-12-01 23:37:14,195	module:views	message:OrderedDict([('year', 1986)])	process:10925	thread:123145331998720
[INFO]	asctime:2018-12-01 23:37:14,195	module:views	message:OrderedDict([('date', 21), ('month', 1), ('year', 1994)])	process:10925	thread:123145331998720
[INFO]	asctime:2018-12-01 23:37:14,196	module:views	message:OrderedDict([('date', 4), ('month', 8), ('year', 1944)])	process:10925	thread:123145331998720
[INFO]	asctime:2018-12-01 23:37:14,196	module:views	message:OrderedDict([('year', 1954)])	process:10925	thread:123145331998720
[INFO]	asctime:2018-12-01 23:37:14,196	module:views	message:OrderedDict([('year', 1958)])	process:10925	thread:123145331998720
[INFO]	asctime:2018-12-01 23:37:14,196	module:views	message:OrderedDict([('year', 1993)])	process:10925	thread:123145331998720
[INFO]	asctime:2018-12-01 23:37:14,196	module:views	message:OrderedDict([('year', 1994)])	process:10925	thread:123145331998720
[INFO]	asctime:2018-12-01 23:37:14,196	module:views	message:OrderedDict([('year', 1947)])	process:10925	thread:123145331998720
[INFO]	asctime:2018-12-01 23:37:14,197	module:views	message:OrderedDict([('date', 3), ('month', 4), ('year', 1953)])	process:10925	thread:123145331998720
[INFO]	asctime:2018-12-01 23:37:14,197	module:views	message:OrderedDict([('year', 2003)])	process:10925	thread:123145331998720
[INFO]	asctime:2018-12-01 23:37:14,197	module:views	message:OrderedDict([('year', 1989)])	process:10925	thread:123145331998720
[INFO]	asctime:2018-12-01 23:37:14,197	module:views	message:OrderedDict([('date', 21), ('month', 9), ('year', 1986)])	process:10925	thread:123145331998720
[INFO]	asctime:2018-12-01 23:37:14,197	module:views	message:OrderedDict([('year', 2000)])	process:10925	thread:123145331998720
[INFO]	asctime:2018-12-01 23:37:14,197	module:views	message:OrderedDict([('year', 1982)])	process:10925	thread:123145331998720
[INFO]	asctime:2018-12-01 23:37:14,197	module:views	message:OrderedDict([('year', 1997)])	process:10925	thread:123145331998720
[INFO]	asctime:2018-12-01 23:37:14,198	module:views	message:OrderedDict([('date', 23), ('month', 8), ('year', 1947)])	process:10925	thread:123145331998720
[INFO]	asctime:2018-12-01 23:37:14,198	module:views	message:OrderedDict([('year', 1996)])	process:10925	thread:123145331998720
[INFO]	asctime:2018-12-01 23:37:14,198	module:views	message:OrderedDict([('date', 28), ('month', 6), ('year', 1963)])	process:10925	thread:123145331998720
[INFO]	asctime:2018-12-01 23:37:14,198	module:views	message:OrderedDict([('date', 20), ('month', 3), ('year', 1943)])	process:10925	thread:123145331998720
[INFO]	asctime:2018-12-01 23:37:14,198	module:views	message:OrderedDict([('date', 24), ('month', 11), ('year', 1988)])	process:10925	thread:123145331998720
[INFO]	asctime:2018-12-01 23:37:14,198	module:views	message:OrderedDict([('month', 3), ('year', 2008)])	process:10925	thread:123145331998720
[INFO]	asctime:2018-12-01 23:37:14,199	module:views	message:OrderedDict([('year', 1995)])	process:10925	thread:123145331998720
[INFO]	asctime:2018-12-01 23:37:14,199	module:views	message:OrderedDict([('date', 4), ('month', 9), ('year', 1945)])	process:10925	thread:123145331998720
[INFO]	asctime:2018-12-01 23:37:14,199	module:views	message:OrderedDict([('date', 29), ('month', 5), ('year', 1984)])	process:10925	thread:123145331998720
[INFO]	asctime:2018-12-01 23:37:14,199	module:views	message:OrderedDict([('year', 2000)])	process:10925	thread:123145331998720
[INFO]	asctime:2018-12-01 23:37:14,199	module:views	message:OrderedDict([('date', 25), ('month', 4), ('year', 1952)])	process:10925	thread:123145331998720
[INFO]	asctime:2018-12-01 23:37:14,200	module:views	message:OrderedDict([('year', 1947)])	process:10925	thread:123145331998720
[INFO]	asctime:2018-12-01 23:37:14,200	module:views	message:OrderedDict([('year', 1979)])	process:10925	thread:123145331998720
[INFO]	asctime:2018-12-01 23:37:14,200	module:views	message:OrderedDict([('year', 1991)])	process:10925	thread:123145331998720
[INFO]	asctime:2018-12-01 23:37:14,200	module:views	message:OrderedDict([('year', 1940)])	process:10925	thread:123145331998720
[INFO]	asctime:2018-12-01 23:37:14,200	module:views	message:OrderedDict([('year', 1998)])	process:10925	thread:123145331998720
[INFO]	asctime:2018-12-01 23:37:14,200	module:views	message:OrderedDict([('date', 2), ('month', 7), ('year', 1952)])	process:10925	thread:123145331998720
[INFO]	asctime:2018-12-01 23:37:14,200	module:views	message:OrderedDict([('year', 1999)])	process:10925	thread:123145331998720
[INFO]	asctime:2018-12-01 23:37:14,201	module:views	message:OrderedDict([('date', 12), ('month', 3), ('year', 1965)])	process:10925	thread:123145331998720
[INFO]	asctime:2018-12-01 23:37:14,201	module:views	message:OrderedDict([('date', 9), ('month', 2), ('year', 1967)])	process:10925	thread:123145331998720
[INFO]	asctime:2018-12-01 23:37:14,201	module:views	message:OrderedDict([('date', 11), ('month', 10), ('year', 1973)])	process:10925	thread:123145331998720
[INFO]	asctime:2018-12-01 23:37:14,201	module:views	message:OrderedDict([('month', 9), ('year', 1969)])	process:10925	thread:123145331998720
[INFO]	asctime:2018-12-01 23:37:14,201	module:views	message:OrderedDict([('date', 10), ('month', 6), ('year', 1965)])	process:10925	thread:123145331998720
[INFO]	asctime:2018-12-01 23:37:14,201	module:views	message:OrderedDict([('year', 1972)])	process:10925	thread:123145331998720
[INFO]	asctime:2018-12-01 23:37:14,201	module:views	message:OrderedDict([('date', 5), ('month', 4), ('year', 1978)])	process:10925	thread:123145331998720
[INFO]	asctime:2018-12-01 23:37:14,202	module:views	message:OrderedDict([('year', 1985)])	process:10925	thread:123145331998720
[INFO]	asctime:2018-12-01 23:37:14,202	module:views	message:OrderedDict([('year', 1947)])	process:10925	thread:123145331998720
[INFO]	asctime:2018-12-01 23:37:14,202	module:views	message:OrderedDict([('year', 2002)])	process:10925	thread:123145331998720
[INFO]	asctime:2018-12-01 23:37:14,202	module:views	message:OrderedDict([('date', 13), ('month', 12), ('year', 1978)])	process:10925	thread:123145331998720
[INFO]	asctime:2018-12-01 23:37:14,202	module:views	message:OrderedDict([('year', 1992)])	process:10925	thread:123145331998720
[INFO]	asctime:2018-12-01 23:37:14,202	module:views	message:OrderedDict([('year', 1992)])	process:10925	thread:123145331998720
[INFO]	asctime:2018-12-01 23:37:14,203	module:views	message:OrderedDict([('year', 2001)])	process:10925	thread:123145331998720
[INFO]	asctime:2018-12-01 23:37:14,203	module:views	message:OrderedDict([('date', 26), ('month', 12), ('year', 1957)])	process:10925	thread:123145331998720
[INFO]	asctime:2018-12-01 23:37:14,203	module:views	message:OrderedDict([('year', 1998)])	process:10925	thread:123145331998720
[INFO]	asctime:2018-12-01 23:37:14,203	module:views	message:OrderedDict([('date', 20), ('month', 1), ('year', 1971)])	process:10925	thread:123145331998720
[INFO]	asctime:2018-12-01 23:37:14,203	module:views	message:OrderedDict([('year', 2003)])	process:10925	thread:123145331998720
[INFO]	asctime:2018-12-01 23:37:14,203	module:views	message:OrderedDict([('year', 1966)])	process:10925	thread:123145331998720
[INFO]	asctime:2018-12-01 23:37:14,204	module:views	message:OrderedDict([('date', 16), ('month', 7), ('year', 1936)])	process:10925	thread:123145331998720
[INFO]	asctime:2018-12-01 23:37:14,204	module:views	message:OrderedDict([('year', 2009)])	process:10925	thread:123145331998720
[INFO]	asctime:2018-12-01 23:37:14,204	module:views	message:OrderedDict([('month', 4), ('year', 2003)])	process:10925	thread:123145331998720
[INFO]	asctime:2018-12-01 23:37:14,205	module:views	message:OrderedDict([('date', 4), ('month', 1), ('year', 1993)])	process:10925	thread:123145331998720
[INFO]	asctime:2018-12-01 23:37:14,205	module:views	message:OrderedDict([('year', 1991)])	process:10925	thread:123145331998720
[INFO]	asctime:2018-12-01 23:37:14,205	module:views	message:OrderedDict([('year', 1999)])	process:10925	thread:123145331998720
[INFO]	asctime:2018-12-01 23:37:14,205	module:views	message:OrderedDict([('year', 2001)])	process:10925	thread:123145331998720
[INFO]	asctime:2018-12-01 23:37:14,205	module:views	message:OrderedDict([('date', 24), ('month', 12), ('year', 1961)])	process:10925	thread:123145331998720
[INFO]	asctime:2018-12-01 23:37:14,205	module:views	message:OrderedDict([('year', 2005)])	process:10925	thread:123145331998720
[INFO]	asctime:2018-12-01 23:37:14,206	module:views	message:OrderedDict([('year', 1986)])	process:10925	thread:123145331998720
[INFO]	asctime:2018-12-01 23:37:14,206	module:views	message:OrderedDict([('year', 1962)])	process:10925	thread:123145331998720
[INFO]	asctime:2018-12-01 23:37:14,206	module:views	message:OrderedDict([('year', 1990)])	process:10925	thread:123145331998720
[INFO]	asctime:2018-12-01 23:37:14,206	module:views	message:OrderedDict([('date', 10), ('month', 4), ('year', 1946)])	process:10925	thread:123145331998720
[INFO]	asctime:2018-12-01 23:37:14,206	module:views	message:OrderedDict([('year', 1953)])	process:10925	thread:123145331998720
[INFO]	asctime:2018-12-01 23:37:14,206	module:views	message:OrderedDict([('year', 1947)])	process:10925	thread:123145331998720
[INFO]	asctime:2018-12-01 23:37:14,206	module:views	message:OrderedDict([('year', 1984)])	process:10925	thread:123145331998720
[INFO]	asctime:2018-12-01 23:37:14,207	module:views	message:OrderedDict([('date', 31), ('month', 12), ('year', 2008)])	process:10925	thread:123145331998720
[INFO]	asctime:2018-12-01 23:37:14,207	module:views	message:OrderedDict([('date', 16), ('month', 3), ('year', 1950)])	process:10925	thread:123145331998720
[INFO]	asctime:2018-12-01 23:37:14,207	module:views	message:OrderedDict([('date', 27), ('month', 2), ('year', 1963)])	process:10925	thread:123145331998720
[INFO]	asctime:2018-12-01 23:37:14,207	module:views	message:OrderedDict([('date', 20), ('month', 2), ('year', 1964)])	process:10925	thread:123145331998720
[INFO]	asctime:2018-12-01 23:37:14,208	module:views	message:OrderedDict([('date', 9), ('month', 1), ('year', 1987)])	process:10925	thread:123145331998720
[INFO]	asctime:2018-12-01 23:37:14,208	module:views	message:OrderedDict([('date', 26), ('month', 1), ('year', 1976)])	process:10925	thread:123145331998720
[INFO]	asctime:2018-12-01 23:37:14,208	module:views	message:OrderedDict([('date', 6), ('month', 9), ('year', 1935)])	process:10925	thread:123145331998720
[INFO]	asctime:2018-12-01 23:37:14,208	module:views	message:OrderedDict([('date', 28), ('month', 3), ('year', 1948)])	process:10925	thread:123145331998720
[INFO]	asctime:2018-12-01 23:37:14,209	module:views	message:OrderedDict([('date', 16), ('month', 12), ('year', 1959)])	process:10925	thread:123145331998720
[INFO]	asctime:2018-12-01 23:37:14,209	module:views	message:OrderedDict([('date', 2), ('month', 8), ('year', 2008)])	process:10925	thread:123145331998720
[INFO]	asctime:2018-12-01 23:37:14,209	module:views	message:OrderedDict([('date', 16), ('month', 1), ('year', 1986)])	process:10925	thread:123145331998720
[INFO]	asctime:2018-12-01 23:37:14,209	module:views	message:OrderedDict([('date', 9), ('month', 10), ('year', 1973)])	process:10925	thread:123145331998720
[INFO]	asctime:2018-12-01 23:37:14,209	module:views	message:OrderedDict([('date', 24), ('month', 7), ('year', 1974)])	process:10925	thread:123145331998720
[INFO]	asctime:2018-12-01 23:37:14,210	module:views	message:OrderedDict([('date', 10), ('month', 10), ('year', 1953)])	process:10925	thread:123145331998720
[INFO]	asctime:2018-12-01 23:37:14,210	module:views	message:OrderedDict([('date', 1), ('month', 5), ('year', 1956)])	process:10925	thread:123145331998720
[INFO]	asctime:2018-12-01 23:37:14,210	module:views	message:OrderedDict([('year', 1995)])	process:10925	thread:123145331998720
[INFO]	asctime:2018-12-01 23:37:14,210	module:views	message:OrderedDict([('year', 1984)])	process:10925	thread:123145331998720
[INFO]	asctime:2018-12-01 23:37:14,210	module:views	message:OrderedDict([('date', 10), ('month', 5), ('year', 1961)])	process:10925	thread:123145331998720
[INFO]	asctime:2018-12-01 23:37:14,210	module:views	message:OrderedDict([('date', 23), ('month', 5), ('year', 1986)])	process:10925	thread:123145331998720
[INFO]	asctime:2018-12-01 23:37:14,211	module:views	message:OrderedDict([('date', 9), ('month', 5), ('year', 1981)])	process:10925	thread:123145331998720
[INFO]	asctime:2018-12-01 23:37:14,211	module:views	message:OrderedDict([('year', 1982)])	process:10925	thread:123145331998720
[INFO]	asctime:2018-12-01 23:37:14,211	module:views	message:OrderedDict([('year', 2005)])	process:10925	thread:123145331998720
[INFO]	asctime:2018-12-01 23:37:14,211	module:views	message:OrderedDict([('year', 2008)])	process:10925	thread:123145331998720
[INFO]	asctime:2018-12-01 23:37:14,211	module:views	message:OrderedDict([('year', 1997)])	process:10925	thread:123145331998720
[INFO]	asctime:2018-12-01 23:37:14,212	module:views	message:OrderedDict([('date', 25), ('month', 9), ('year', 1969)])	process:10925	thread:123145331998720
[INFO]	asctime:2018-12-01 23:37:14,212	module:views	message:OrderedDict([('date', 2), ('month', 5), ('year', 1950)])	process:10925	thread:123145331998720
[INFO]	asctime:2018-12-01 23:37:14,212	module:views	message:OrderedDict([('date', 16), ('month', 12), ('year', 1943)])	process:10925	thread:123145331998720
[INFO]	asctime:2018-12-01 23:37:14,212	module:views	message:OrderedDict([('year', 2001)])	process:10925	thread:123145331998720
[INFO]	asctime:2018-12-01 23:37:14,212	module:views	message:OrderedDict([('date', 2), ('month', 4), ('year', 1962)])	process:10925	thread:123145331998720
[INFO]	asctime:2018-12-01 23:37:14,212	module:views	message:OrderedDict([('year', 1994)])	process:10925	thread:123145331998720
[INFO]	asctime:2018-12-01 23:37:14,212	module:views	message:OrderedDict([('date', 22), ('month', 6), ('year', 1986)])	process:10925	thread:123145331998720
[INFO]	asctime:2018-12-01 23:37:14,213	module:views	message:OrderedDict([('date', 20), ('month', 12), ('year', 1947)])	process:10925	thread:123145331998720
[INFO]	asctime:2018-12-01 23:37:14,213	module:views	message:OrderedDict([('year', 1984)])	process:10925	thread:123145331998720
[INFO]	asctime:2018-12-01 23:37:14,213	module:views	message:OrderedDict([('year', 1995)])	process:10925	thread:123145331998720
[INFO]	asctime:2018-12-01 23:37:14,213	module:views	message:OrderedDict([('date', 28), ('month', 7), ('year', 1971)])	process:10925	thread:123145331998720
[INFO]	asctime:2018-12-01 23:37:14,213	module:views	message:OrderedDict([('date', 8), ('month', 11), ('year', 1959)])	process:10925	thread:123145331998720
[INFO]	asctime:2018-12-01 23:37:14,213	module:views	message:OrderedDict([('year', 1992)])	process:10925	thread:123145331998720
[INFO]	asctime:2018-12-01 23:37:14,213	module:views	message:OrderedDict([('year', 2002)])	process:10925	thread:123145331998720
[INFO]	asctime:2018-12-01 23:37:14,214	module:views	message:OrderedDict([('year', 1986)])	process:10925	thread:123145331998720
[INFO]	asctime:2018-12-01 23:37:14,214	module:views	message:OrderedDict([('year', 2003)])	process:10925	thread:123145331998720
[INFO]	asctime:2018-12-01 23:37:14,214	module:views	message:OrderedDict([('year', 1994)])	process:10925	thread:123145331998720
[INFO]	asctime:2018-12-01 23:37:14,214	module:views	message:OrderedDict([('date', 20), ('month', 6), ('year', 1948)])	process:10925	thread:123145331998720
[INFO]	asctime:2018-12-01 23:37:14,214	module:views	message:OrderedDict([('year', 2011)])	process:10925	thread:123145331998720
[INFO]	asctime:2018-12-01 23:37:14,214	module:views	message:OrderedDict([('date', 16), ('month', 11), ('year', 1952)])	process:10925	thread:123145331998720
[INFO]	asctime:2018-12-01 23:37:14,215	module:views	message:OrderedDict([('year', 1963)])	process:10925	thread:123145331998720
[INFO]	asctime:2018-12-01 23:37:14,215	module:views	message:OrderedDict([('year', 1967)])	process:10925	thread:123145331998720
[INFO]	asctime:2018-12-01 23:37:14,215	module:views	message:OrderedDict([('year', 2003)])	process:10925	thread:123145331998720
[INFO]	asctime:2018-12-01 23:37:14,215	module:views	message:OrderedDict([('year', 2008)])	process:10925	thread:123145331998720
[INFO]	asctime:2018-12-01 23:37:14,215	module:views	message:OrderedDict([('date', 21), ('month', 4), ('year', 1961)])	process:10925	thread:123145331998720
[INFO]	asctime:2018-12-01 23:37:14,215	module:views	message:OrderedDict([('year', 1971)])	process:10925	thread:123145331998720
[INFO]	asctime:2018-12-01 23:37:14,216	module:views	message:OrderedDict([('year', 1981)])	process:10925	thread:123145331998720
[INFO]	asctime:2018-12-01 23:37:14,216	module:views	message:OrderedDict([('year', 1992)])	process:10925	thread:123145331998720
[INFO]	asctime:2018-12-01 23:37:14,216	module:views	message:OrderedDict([('date', 21), ('month', 12), ('year', 1972)])	process:10925	thread:123145331998720
[INFO]	asctime:2018-12-01 23:37:14,216	module:views	message:OrderedDict([('date', 13), ('month', 10), ('year', 1972)])	process:10925	thread:123145331998720
[INFO]	asctime:2018-12-01 23:37:14,216	module:views	message:OrderedDict([('date', 19), ('month', 8), ('year', 1942)])	process:10925	thread:123145331998720
[INFO]	asctime:2018-12-01 23:37:14,216	module:views	message:OrderedDict([('date', 8), ('month', 3), ('year', 1977)])	process:10925	thread:123145331998720
[INFO]	asctime:2018-12-01 23:37:14,217	module:views	message:OrderedDict([('date', 21), ('month', 5), ('year', 1969)])	process:10925	thread:123145331998720
[INFO]	asctime:2018-12-01 23:37:14,217	module:views	message:OrderedDict([('year', 2003)])	process:10925	thread:123145331998720
[INFO]	asctime:2018-12-01 23:37:14,217	module:views	message:OrderedDict([('year', 1980)])	process:10925	thread:123145331998720
[INFO]	asctime:2018-12-01 23:37:14,217	module:views	message:OrderedDict([('year', 2002)])	process:10925	thread:123145331998720
[INFO]	asctime:2018-12-01 23:37:14,217	module:views	message:OrderedDict([('year', 1995)])	process:10925	thread:123145331998720
[INFO]	asctime:2018-12-01 23:37:14,217	module:views	message:OrderedDict([('year', 2002)])	process:10925	thread:123145331998720
[INFO]	asctime:2018-12-01 23:37:14,218	module:views	message:OrderedDict([('date', 23), ('month', 2), ('year', 1963)])	process:10925	thread:123145331998720
[INFO]	asctime:2018-12-01 23:37:14,218	module:views	message:OrderedDict([('date', 26), ('month', 12), ('year', 1978)])	process:10925	thread:123145331998720
[INFO]	asctime:2018-12-01 23:37:14,218	module:views	message:OrderedDict([('year', 1992)])	process:10925	thread:123145331998720
[INFO]	asctime:2018-12-01 23:37:14,218	module:views	message:OrderedDict([('date', 26), ('month', 1), ('year', 1976)])	process:10925	thread:123145331998720
[INFO]	asctime:2018-12-01 23:37:14,218	module:views	message:OrderedDict([('year', 1983)])	process:10925	thread:123145331998720
[INFO]	asctime:2018-12-01 23:37:14,218	module:views	message:OrderedDict([('year', 1997)])	process:10925	thread:123145331998720
[INFO]	asctime:2018-12-01 23:37:14,219	module:views	message:OrderedDict([('year', 2009)])	process:10925	thread:123145331998720
[INFO]	asctime:2018-12-01 23:37:14,219	module:views	message:OrderedDict([('year', 2000)])	process:10925	thread:123145331998720
[INFO]	asctime:2018-12-01 23:37:14,219	module:views	message:OrderedDict([('year', 2000)])	process:10925	thread:123145331998720
[INFO]	asctime:2018-12-01 23:37:14,219	module:views	message:OrderedDict([('year', 2004)])	process:10925	thread:123145331998720
[INFO]	asctime:2018-12-01 23:37:14,219	module:views	message:OrderedDict([('year', 1951)])	process:10925	thread:123145331998720
[INFO]	asctime:2018-12-01 23:37:14,219	module:views	message:OrderedDict([('year', 1918)])	process:10925	thread:123145331998720
[INFO]	asctime:2018-12-01 23:37:14,219	module:views	message:OrderedDict([('year', 1961)])	process:10925	thread:123145331998720
[INFO]	asctime:2018-12-01 23:37:14,220	module:views	message:OrderedDict([('date', 23), ('month', 11), ('year', 1959)])	process:10925	thread:123145331998720
[INFO]	asctime:2018-12-01 23:37:14,220	module:views	message:OrderedDict([('year', 1970)])	process:10925	thread:123145331998720
[INFO]	asctime:2018-12-01 23:37:14,220	module:views	message:OrderedDict([('date', 5), ('month', 4), ('year', 1948)])	process:10925	thread:123145331998720
[INFO]	asctime:2018-12-01 23:37:14,220	module:views	message:OrderedDict([('year', 1977)])	process:10925	thread:123145331998720
[INFO]	asctime:2018-12-01 23:37:14,220	module:views	message:OrderedDict([('year', 1991)])	process:10925	thread:123145331998720
[INFO]	asctime:2018-12-01 23:37:14,220	module:views	message:OrderedDict([('date', 8), ('month', 7), ('year', 1975)])	process:10925	thread:123145331998720
[INFO]	asctime:2018-12-01 23:37:14,220	module:views	message:OrderedDict([('date', 2), ('month', 2), ('year', 1945)])	process:10925	thread:123145331998720
[INFO]	asctime:2018-12-01 23:37:14,221	module:views	message:OrderedDict([('year', 2007)])	process:10925	thread:123145331998720
[INFO]	asctime:2018-12-01 23:37:14,221	module:views	message:OrderedDict([('year', 2004)])	process:10925	thread:123145331998720
[INFO]	asctime:2018-12-01 23:37:14,221	module:views	message:OrderedDict([('date', 4), ('month', 5), ('year', 1956)])	process:10925	thread:123145331998720
[INFO]	asctime:2018-12-01 23:37:14,221	module:views	message:OrderedDict([('date', 31), ('month', 8), ('year', 1975)])	process:10925	thread:123145331998720
[INFO]	asctime:2018-12-01 23:37:14,221	module:views	message:OrderedDict([('month', 9), ('year', 1994)])	process:10925	thread:123145331998720
[INFO]	asctime:2018-12-01 23:37:14,222	module:views	message:OrderedDict([('year', 1997)])	process:10925	thread:123145331998720
[INFO]	asctime:2018-12-01 23:37:14,222	module:views	message:OrderedDict([('date', 5), ('month', 1), ('year', 1978)])	process:10925	thread:123145331998720
[INFO]	asctime:2018-12-01 23:37:14,222	module:views	message:OrderedDict([('date', 21), ('month', 12), ('year', 1964)])	process:10925	thread:123145331998720
[INFO]	asctime:2018-12-01 23:37:14,222	module:views	message:OrderedDict([('year', 2005)])	process:10925	thread:123145331998720
[INFO]	asctime:2018-12-01 23:37:14,222	module:views	message:OrderedDict([('year', 1990)])	process:10925	thread:123145331998720
[INFO]	asctime:2018-12-01 23:37:14,222	module:views	message:OrderedDict([('date', 5), ('month', 1), ('year', 1968)])	process:10925	thread:123145331998720
[INFO]	asctime:2018-12-01 23:37:14,222	module:views	message:OrderedDict([('year', 2006)])	process:10925	thread:123145331998720
[INFO]	asctime:2018-12-01 23:37:14,223	module:views	message:OrderedDict([('year', 1980)])	process:10925	thread:123145331998720
[INFO]	asctime:2018-12-01 23:37:14,223	module:views	message:OrderedDict([('month', 9), ('year', 1997)])	process:10925	thread:123145331998720
[INFO]	asctime:2018-12-01 23:37:14,223	module:views	message:OrderedDict([('date', 11), ('month', 4), ('year', 1964)])	process:10925	thread:123145331998720
[INFO]	asctime:2018-12-01 23:37:14,223	module:views	message:OrderedDict([('date', 1), ('month', 8), ('year', 2004)])	process:10925	thread:123145331998720
[INFO]	asctime:2018-12-01 23:37:14,223	module:views	message:OrderedDict([('date', 5), ('month', 1), ('year', 1968)])	process:10925	thread:123145331998720
[INFO]	asctime:2018-12-01 23:37:14,223	module:views	message:OrderedDict([('year', 2013)])	process:10925	thread:123145331998720
[INFO]	asctime:2018-12-01 23:37:14,223	module:views	message:OrderedDict([('date', 4), ('month', 8), ('year', 1951)])	process:10925	thread:123145331998720
[INFO]	asctime:2018-12-01 23:37:14,224	module:views	message:OrderedDict([('date', 16), ('month', 4), ('year', 1962)])	process:10925	thread:123145331998720
[INFO]	asctime:2018-12-01 23:37:14,224	module:views	message:OrderedDict([('date', 6), ('month', 3), ('year', 1944)])	process:10925	thread:123145331998720
[INFO]	asctime:2018-12-01 23:37:14,224	module:views	message:OrderedDict([('year', 1988)])	process:10925	thread:123145331998720
[INFO]	asctime:2018-12-01 23:37:14,224	module:views	message:OrderedDict([('year', 1980)])	process:10925	thread:123145331998720
[INFO]	asctime:2018-12-01 23:37:14,224	module:views	message:OrderedDict([('year', 1999)])	process:10925	thread:123145331998720
[INFO]	asctime:2018-12-01 23:37:14,224	module:views	message:OrderedDict([('year', 1966)])	process:10925	thread:123145331998720
[INFO]	asctime:2018-12-01 23:37:14,225	module:views	message:OrderedDict([('year', 1973)])	process:10925	thread:123145331998720
[INFO]	asctime:2018-12-01 23:37:14,225	module:views	message:OrderedDict([('date', 4), ('month', 8), ('year', 1943)])	process:10925	thread:123145331998720
[INFO]	asctime:2018-12-01 23:37:14,225	module:views	message:OrderedDict([('year', 1997)])	process:10925	thread:123145331998720
[INFO]	asctime:2018-12-01 23:37:14,225	module:views	message:OrderedDict([('year', 1944)])	process:10925	thread:123145331998720
[INFO]	asctime:2018-12-01 23:37:14,225	module:views	message:OrderedDict([('year', 1963)])	process:10925	thread:123145331998720
[INFO]	asctime:2018-12-01 23:37:14,225	module:views	message:OrderedDict([('year', 2007)])	process:10925	thread:123145331998720
[INFO]	asctime:2018-12-01 23:37:14,225	module:views	message:OrderedDict([('year', 1932)])	process:10925	thread:123145331998720
[INFO]	asctime:2018-12-01 23:37:14,226	module:views	message:OrderedDict([('date', 13), ('month', 10), ('year', 1959)])	process:10925	thread:123145331998720
[INFO]	asctime:2018-12-01 23:37:14,226	module:views	message:OrderedDict([('date', 25), ('month', 12)])	process:10925	thread:123145331998720
[INFO]	asctime:2018-12-02 00:03:11,368	module:views	message:921337	process:11214	thread:123145455316992
[INFO]	asctime:2018-12-02 00:21:03,419	module:views	message:921337	process:11231	thread:123145418022912
[INFO]	asctime:2018-12-02 00:21:34,573	module:views	message:921337	process:11231	thread:123145418022912
[INFO]	asctime:2018-12-02 00:24:20,409	module:views	message:921337	process:11273	thread:123145532850176
[INFO]	asctime:2018-12-02 00:25:41,772	module:views	message:921337	process:11273	thread:123145532850176
[INFO]	asctime:2018-12-02 00:49:03,718	module:views	message:921337	process:11378	thread:123145544499200
[INFO]	asctime:2018-12-02 00:49:13,813	module:views	message:921337	process:11378	thread:123145544499200
[INFO]	asctime:2018-12-02 00:50:17,655	module:views	message:921337	process:11378	thread:123145544499200
[INFO]	asctime:2018-12-02 00:50:21,620	module:views	message:921337	process:11378	thread:123145544499200
[INFO]	asctime:2018-12-02 00:50:28,050	module:views	message:921337	process:11378	thread:123145544499200
[INFO]	asctime:2018-12-02 00:52:56,930	module:views	message:921337	process:11378	thread:123145544499200
[INFO]	asctime:2018-12-02 00:53:24,140	module:views	message:921337	process:11394	thread:123145427755008
[INFO]	asctime:2018-12-02 00:53:38,467	module:views	message:921337	process:11394	thread:123145427755008
[INFO]	asctime:2018-12-02 00:54:15,084	module:views	message:921337	process:11400	thread:123145470017536
[INFO]	asctime:2018-12-02 00:55:03,482	module:views	message:921337	process:11400	thread:123145475272704
[INFO]	asctime:2018-12-02 00:55:59,862	module:views	message:921337	process:11400	thread:123145475272704
[INFO]	asctime:2018-12-02 00:56:20,399	module:views	message:921337	process:11400	thread:123145475272704
[INFO]	asctime:2018-12-02 00:56:49,617	module:views	message:921337	process:11400	thread:123145475272704
[INFO]	asctime:2018-12-02 00:58:30,813	module:views	message:921337	process:11400	thread:123145475272704
[INFO]	asctime:2018-12-02 00:58:35,161	module:views	message:921337	process:11400	thread:123145470017536
[INFO]	asctime:2018-12-02 01:08:06,945	module:views	message:get	process:11462	thread:123145571373056
[INFO]	asctime:2018-12-02 01:08:06,953	module:views	message:921337	process:11462	thread:123145571373056
[INFO]	asctime:2018-12-02 01:08:17,285	module:views	message:get	process:11462	thread:123145571373056
[INFO]	asctime:2018-12-02 01:08:17,290	module:views	message:921337	process:11462	thread:123145571373056
[INFO]	asctime:2018-12-02 01:08:29,666	module:views	message:get	process:11462	thread:123145576628224
[INFO]	asctime:2018-12-02 01:08:29,670	module:views	message:921337	process:11462	thread:123145576628224
[INFO]	asctime:2018-12-02 01:09:59,989	module:views	message:get	process:11462	thread:123145571373056
[INFO]	asctime:2018-12-02 01:09:59,995	module:views	message:921337	process:11462	thread:123145571373056
[INFO]	asctime:2018-12-02 01:10:46,877	module:views	message:get	process:11462	thread:123145571373056
[INFO]	asctime:2018-12-02 01:10:46,881	module:views	message:921337	process:11462	thread:123145571373056
[INFO]	asctime:2018-12-02 01:10:54,306	module:views	message:get	process:11462	thread:123145571373056
[INFO]	asctime:2018-12-02 01:10:54,311	module:views	message:921337	process:11462	thread:123145571373056
[INFO]	asctime:2018-12-02 01:12:51,493	module:views	message:tes	process:11482	thread:123145406140416
[INFO]	asctime:2018-12-02 01:12:51,498	module:views	message:921337	process:11482	thread:123145406140416
[INFO]	asctime:2018-12-02 01:13:33,947	module:views	message:tes	process:11496	thread:123145514303488
[INFO]	asctime:2018-12-02 01:13:33,947	module:views	message:name	process:11496	thread:123145514303488
[INFO]	asctime:2018-12-02 01:14:37,426	module:views	message:tes	process:11525	thread:123145448218624
[INFO]	asctime:2018-12-02 01:14:37,427	module:views	message:name	process:11525	thread:123145448218624
[INFO]	asctime:2018-12-02 01:15:55,159	module:views	message:tes	process:11535	thread:123145465110528
[INFO]	asctime:2018-12-02 01:15:55,160	module:views	message:name	process:11535	thread:123145465110528
[INFO]	asctime:2018-12-02 01:29:03,255	module:views	message:queen	process:11624	thread:123145566973952
[INFO]	asctime:2018-12-02 01:29:03,257	module:views	message:name	process:11624	thread:123145566973952
[INFO]	asctime:2018-12-02 01:29:11,989	module:views	message:Queen	process:11624	thread:123145566973952
[INFO]	asctime:2018-12-02 01:29:11,989	module:views	message:name	process:11624	thread:123145566973952
[INFO]	asctime:2018-12-02 01:29:27,861	module:views	message:rock	process:11624	thread:123145566973952
[INFO]	asctime:2018-12-02 01:29:27,862	module:views	message:tag	process:11624	thread:123145566973952
[INFO]	asctime:2018-12-02 01:30:50,960	module:views	message:rock	process:11634	thread:123145586503680
[INFO]	asctime:2018-12-02 01:30:50,962	module:views	message:tag	process:11634	thread:123145586503680
[INFO]	asctime:2018-12-02 01:31:24,795	module:views	message:rock	process:11640	thread:123145352990720
[INFO]	asctime:2018-12-02 01:31:24,795	module:views	message:tag	process:11640	thread:123145352990720
